=========================================== 
SukunaOS Build Log 
Data: 17/06/2026 20:59:28,38 
=========================================== 
[20:59:28,48] Inicio 
[20:59:28,55] Verificando Git 
git version 2.54.0.windows.1
[20:59:28,74] Git encontrado 
[20:59:28,76] Detectando branch 
[20:59:28,93] Branch detectada: master 
[20:59:28,94] Buscando remote 
[20:59:29,11] Executando git status 
On branch master
Your branch is up to date with 'origin/master'.

Untracked files:
  (use "git add <file>..." to include in what will be committed)
	sukunaos-iso
	sukunaos_build.log

nothing added to commit but untracked files present (use "git add" to track)
[20:59:29,31] Adicionando arquivos 
